d:\uni\7. semester\gpu-programmierung\matrixproduct\build\main.dir\debug\vc140.pdb
d:\uni\7. semester\gpu-programmierung\matrixproduct\build\main.dir\debug\main.obj
d:\uni\7. semester\gpu-programmierung\matrixproduct\build\main.dir\debug\matrix.obj
d:\uni\7. semester\gpu-programmierung\matrixproduct\build\cmakefiles\generate.stamp
d:\uni\7. semester\gpu-programmierung\matrixproduct\build\debug\main.pdb
d:\uni\7. semester\gpu-programmierung\matrixproduct\build\main.dir\debug\main.tlog\cl.command.1.tlog
d:\uni\7. semester\gpu-programmierung\matrixproduct\build\main.dir\debug\main.tlog\cl.read.1.tlog
d:\uni\7. semester\gpu-programmierung\matrixproduct\build\main.dir\debug\main.tlog\cl.write.1.tlog
d:\uni\7. semester\gpu-programmierung\matrixproduct\build\main.dir\debug\main.tlog\custombuild.command.1.tlog
d:\uni\7. semester\gpu-programmierung\matrixproduct\build\main.dir\debug\main.tlog\custombuild.read.1.tlog
d:\uni\7. semester\gpu-programmierung\matrixproduct\build\main.dir\debug\main.tlog\custombuild.write.1.tlog
d:\uni\7. semester\gpu-programmierung\matrixproduct\build\main.dir\debug\main.tlog\link-cvtres.read.1.tlog
d:\uni\7. semester\gpu-programmierung\matrixproduct\build\main.dir\debug\main.tlog\link-cvtres.write.1.tlog
d:\uni\7. semester\gpu-programmierung\matrixproduct\build\main.dir\debug\main.tlog\link-rc.read.1.tlog
d:\uni\7. semester\gpu-programmierung\matrixproduct\build\main.dir\debug\main.tlog\link-rc.write.1.tlog
d:\uni\7. semester\gpu-programmierung\matrixproduct\build\main.dir\debug\main.tlog\link.10100-cvtres.read.1.tlog
d:\uni\7. semester\gpu-programmierung\matrixproduct\build\main.dir\debug\main.tlog\link.10100-cvtres.write.1.tlog
d:\uni\7. semester\gpu-programmierung\matrixproduct\build\main.dir\debug\main.tlog\link.10100-rc.read.1.tlog
d:\uni\7. semester\gpu-programmierung\matrixproduct\build\main.dir\debug\main.tlog\link.10100-rc.write.1.tlog
d:\uni\7. semester\gpu-programmierung\matrixproduct\build\main.dir\debug\main.tlog\link.10100.read.1.tlog
d:\uni\7. semester\gpu-programmierung\matrixproduct\build\main.dir\debug\main.tlog\link.10100.write.1.tlog
d:\uni\7. semester\gpu-programmierung\matrixproduct\build\main.dir\debug\main.tlog\link.command.1.tlog
d:\uni\7. semester\gpu-programmierung\matrixproduct\build\main.dir\debug\main.tlog\link.read.1.tlog
d:\uni\7. semester\gpu-programmierung\matrixproduct\build\main.dir\debug\main.tlog\link.write.1.tlog
